<?xml version="1.0" encoding="UTF-8"?>
<testsuite name="com.example.AppTest" tests="1" skipped="0" failures="0" errors="0" timestamp="2025-06-09T09:57:41" hostname="LAPTOP-RAO5B3JD" time="0.007">
  <properties/>
  <testcase name="testApp" classname="com.example.AppTest" time="0.007"/>
  <system-out><![CDATA[]]></system-out>
  <system-err><![CDATA[]]></system-err>
</testsuite>
